<?xml version="1.0" encoding="UTF-8"?>
<!-- Generated by org.testng.reporters.JUnitReportReporter -->
<testsuite hostname="sys" name="uk.pcn.invoice.util.FileUtilTest" tests="1" failures="0" timestamp="28 Mar 2014 16:34:29 GMT" time="0.025" errors="0">
  <testcase name="testgetClassPath" time="0.025" classname="uk.pcn.invoice.util.FileUtilTest"/>
</testsuite> <!-- uk.pcn.invoice.util.FileUtilTest -->
