<?xml version="1.0" encoding="UTF-8"?>
<!-- Generated by org.testng.reporters.JUnitReportReporter -->
<testsuite hostname="sys" name="uk.pcn.invoice.util.PCNUtilTest" tests="1" failures="0" timestamp="28 Mar 2014 16:34:29 GMT" time="0.003" errors="0">
  <testcase name="testLodonPostCodeCheck" time="0.003" classname="uk.pcn.invoice.util.PCNUtilTest"/>
</testsuite> <!-- uk.pcn.invoice.util.PCNUtilTest -->
