<?xml version="1.0" encoding="UTF-8"?>
<!-- Generated by org.testng.reporters.JUnitReportReporter -->
<testsuite hostname="sys" name="uk.pcn.invoice.util.PCNUtilTest" tests="1" failures="0" timestamp="8 Apr 2014 12:09:36 GMT" time="0.005" errors="0">
  <testcase name="testLodonPostCodeCheck" time="0.005" classname="uk.pcn.invoice.util.PCNUtilTest"/>
</testsuite> <!-- uk.pcn.invoice.util.PCNUtilTest -->
